[06 abr 2015 15:20:46] Building database metadata model
[06 abr 2015 15:20:46] Properties: {partialRefresh=false, processColumnsUsingSelect=, includePrimaryKeys=true, eventSocketClient=com.webratio.commons.net.EventSocketClient@34bf1d3b, includeTables=true, username=admin, outputLogPath=/Users/JRios/Documents/Desarrollo/CRM/BibliosTest/.Temp~/DB.xml.log, readIndexes=null, driverClass=org.apache.derby.jdbc.ClientDriver, includeSynonyms=true, metaDataProviderClass=com.webratio.commons.db.metadata.DerbyMetaDataProvider, outputPath=/Users/JRios/Documents/Desarrollo/CRM/BibliosTest/.Temp~/DB.xml, schemaRegex=null, readProcedures=null, includeViews=true, derby.system.home=/Users/JRios/Documents/Desarrollo/CRM/.metadata/.plugins/com.webratio.commons.db/derby, url=jdbc:derby://localhost:1527/DataBase;create=true, tableRegex=null, readSQLDefinitions=true, includeForeignKeys=false, retrieveAllNames=false, tablesToRefresh=, eventSocketPort=52085}
[06 abr 2015 15:20:46] URL: jdbc:derby://localhost:1527/DataBase;create=true
[06 abr 2015 15:20:46] Product name: Apache Derby
[06 abr 2015 15:20:46] Product version: 10.5.3.0 - (802917)
[06 abr 2015 15:20:46] Driver name: Apache Derby Network Client JDBC Driver
[06 abr 2015 15:20:46] Driver version: 10.5.3.0 - (802917)
[06 abr 2015 15:20:46] Driver major version: 10
[06 abr 2015 15:20:46] Driver minor version: 5
[06 abr 2015 15:20:46] Identifier quote string: 5
[06 abr 2015 15:20:46] Retrieving schemas
[06 abr 2015 15:20:46]   Found schema: APP
[06 abr 2015 15:20:46]   Found schema: NULLID
[06 abr 2015 15:20:46]   Found schema: SQLJ
[06 abr 2015 15:20:46]   Found schema: SYS
[06 abr 2015 15:20:46]   Found schema: SYSCAT
[06 abr 2015 15:20:46]   Found schema: SYSCS_DIAG
[06 abr 2015 15:20:46]   Found schema: SYSCS_UTIL
[06 abr 2015 15:20:46]   Found schema: SYSFUN
[06 abr 2015 15:20:46]   Found schema: SYSIBM
[06 abr 2015 15:20:46]   Found schema: SYSPROC
[06 abr 2015 15:20:46]   Found schema: SYSSTAT
[06 abr 2015 15:20:46] Retrieving [TABLE, VIEW, SYNONYM] for schema 'APP'
[06 abr 2015 15:20:46]   Found 'APP.BIBLIOMATERIAL' [type = TABLE]
[06 abr 2015 15:20:46]   Found 'APP.COLLECTIONBIBLIOMATERIAL' [type = TABLE]
[06 abr 2015 15:20:46]   Found 'APP.COPIES' [type = TABLE]
[06 abr 2015 15:20:46]   Found 'APP.GROUP' [type = TABLE]
[06 abr 2015 15:20:46]   Found 'APP.GROUP_MODULE' [type = TABLE]
[06 abr 2015 15:20:46]   Found 'APP.LOAN' [type = TABLE]
[06 abr 2015 15:20:46]   Found 'APP.MODULE' [type = TABLE]
[06 abr 2015 15:20:46]   Found 'APP.PENALTY' [type = TABLE]
[06 abr 2015 15:20:46]   Found 'APP.RESERVE' [type = TABLE]
[06 abr 2015 15:20:46]   Found 'APP.RULES' [type = TABLE]
[06 abr 2015 15:20:46]   Found 'APP.STATUSBIBLIOMATERIAL' [type = TABLE]
[06 abr 2015 15:20:46]   Found 'APP.TYPEBIBLIOMATERIAL' [type = TABLE]
[06 abr 2015 15:20:46]   Found 'APP.USER' [type = TABLE]
[06 abr 2015 15:20:46]   Found 'APP.USER_GROUP' [type = TABLE]
[06 abr 2015 15:20:46]   Found 'APP.BIBLIOMATERIAL_COPIES_VIEW' [type = VIEW]
[06 abr 2015 15:20:46]   Found 'APP.LOAN_CODE_VIEW' [type = VIEW]
[06 abr 2015 15:20:46]   Found 'APP.USER_LOADS_VIEW' [type = VIEW]
[06 abr 2015 15:20:46] Retrieving [TABLE, VIEW, SYNONYM] for schema 'NULLID'
[06 abr 2015 15:20:46] Retrieving [TABLE, VIEW, SYNONYM] for schema 'SQLJ'
[06 abr 2015 15:20:46] Retrieving [TABLE, VIEW, SYNONYM] for schema 'SYSCAT'
[06 abr 2015 15:20:46] Retrieving [TABLE, VIEW, SYNONYM] for schema 'SYSCS_DIAG'
[06 abr 2015 15:20:46] Retrieving [TABLE, VIEW, SYNONYM] for schema 'SYSCS_UTIL'
[06 abr 2015 15:20:46] Retrieving [TABLE, VIEW, SYNONYM] for schema 'SYSFUN'
[06 abr 2015 15:20:46] Retrieving [TABLE, VIEW, SYNONYM] for schema 'SYSPROC'
[06 abr 2015 15:20:46] Retrieving [TABLE, VIEW, SYNONYM] for schema 'SYSSTAT'
[06 abr 2015 15:20:46] Retrieving columns for 'APP.BIBLIOMATERIAL' [type = TABLE]
[06 abr 2015 15:20:46]   Found column: OID [type = INTEGER][SQL/XOPEN type = 4][size = 10][dec. digits = 0]
[06 abr 2015 15:20:46]   Found column: ISBN [type = VARCHAR][SQL/XOPEN type = 12][size = 255][dec. digits = 0]
[06 abr 2015 15:20:46]   Found column: BIBLIOMATERIALNAME [type = VARCHAR][SQL/XOPEN type = 12][size = 255][dec. digits = 0]
[06 abr 2015 15:20:46]   Found column: DESCRIPTIONMATERIAL [type = CLOB][SQL/XOPEN type = 2005][size = 10000][dec. digits = 0]
[06 abr 2015 15:20:46]   Found column: STATUSBIBLIOMATERIAL_OID [type = INTEGER][SQL/XOPEN type = 4][size = 10][dec. digits = 0]
[06 abr 2015 15:20:46]   Found column: TYPEBIBLIOMATERIAL_OID [type = INTEGER][SQL/XOPEN type = 4][size = 10][dec. digits = 0]
[06 abr 2015 15:20:46]   Found column: COLLECTIONBIBLIOMATERIAL_OID [type = INTEGER][SQL/XOPEN type = 4][size = 10][dec. digits = 0]
[06 abr 2015 15:20:46] Retrieving primary keys for 'APP.BIBLIOMATERIAL' [type = TABLE]
[06 abr 2015 15:20:46]   Found primary key column: OID
[06 abr 2015 15:20:46] Retrieving columns for 'APP.COLLECTIONBIBLIOMATERIAL' [type = TABLE]
[06 abr 2015 15:20:46]   Found column: OID [type = INTEGER][SQL/XOPEN type = 4][size = 10][dec. digits = 0]
[06 abr 2015 15:20:46]   Found column: COLLECTIONNAME [type = VARCHAR][SQL/XOPEN type = 12][size = 255][dec. digits = 0]
[06 abr 2015 15:20:46] Retrieving primary keys for 'APP.COLLECTIONBIBLIOMATERIAL' [type = TABLE]
[06 abr 2015 15:20:46]   Found primary key column: OID
[06 abr 2015 15:20:46] Retrieving columns for 'APP.COPIES' [type = TABLE]
[06 abr 2015 15:20:46]   Found column: OID [type = INTEGER][SQL/XOPEN type = 4][size = 10][dec. digits = 0]
[06 abr 2015 15:20:46]   Found column: COPIESID [type = VARCHAR][SQL/XOPEN type = 12][size = 255][dec. digits = 0]
[06 abr 2015 15:20:46]   Found column: TYPECOPIES [type = VARCHAR][SQL/XOPEN type = 12][size = 255][dec. digits = 0]
[06 abr 2015 15:20:46]   Found column: BIBLIOMATERIAL_OID [type = INTEGER][SQL/XOPEN type = 4][size = 10][dec. digits = 0]
[06 abr 2015 15:20:46]   Found column: STATUSBIBLIOMATERIAL_OID [type = INTEGER][SQL/XOPEN type = 4][size = 10][dec. digits = 0]
[06 abr 2015 15:20:46]   Found column: LOAN_OID [type = INTEGER][SQL/XOPEN type = 4][size = 10][dec. digits = 0]
[06 abr 2015 15:20:46] Retrieving primary keys for 'APP.COPIES' [type = TABLE]
[06 abr 2015 15:20:46]   Found primary key column: OID
[06 abr 2015 15:20:46] Retrieving columns for 'APP.GROUP' [type = TABLE]
[06 abr 2015 15:20:46]   Found column: OID [type = INTEGER][SQL/XOPEN type = 4][size = 10][dec. digits = 0]
[06 abr 2015 15:20:46]   Found column: GROUPNAME [type = VARCHAR][SQL/XOPEN type = 12][size = 255][dec. digits = 0]
[06 abr 2015 15:20:46]   Found column: NUMBERBOOKSLEND [type = INTEGER][SQL/XOPEN type = 4][size = 10][dec. digits = 0]
[06 abr 2015 15:20:46]   Found column: MODULE_OID [type = INTEGER][SQL/XOPEN type = 4][size = 10][dec. digits = 0]
[06 abr 2015 15:20:46] Retrieving primary keys for 'APP.GROUP' [type = TABLE]
[06 abr 2015 15:20:46]   Found primary key column: OID
[06 abr 2015 15:20:46] Retrieving columns for 'APP.GROUP_MODULE' [type = TABLE]
[06 abr 2015 15:20:46]   Found column: GROUP_OID [type = INTEGER][SQL/XOPEN type = 4][size = 10][dec. digits = 0]
[06 abr 2015 15:20:46]   Found column: MODULE_OID [type = INTEGER][SQL/XOPEN type = 4][size = 10][dec. digits = 0]
[06 abr 2015 15:20:46] Retrieving primary keys for 'APP.GROUP_MODULE' [type = TABLE]
[06 abr 2015 15:20:46]   Found primary key column: GROUP_OID
[06 abr 2015 15:20:46]   Found primary key column: MODULE_OID
[06 abr 2015 15:20:46] Retrieving columns for 'APP.LOAN' [type = TABLE]
[06 abr 2015 15:20:46]   Found column: OID [type = INTEGER][SQL/XOPEN type = 4][size = 10][dec. digits = 0]
[06 abr 2015 15:20:46]   Found column: LOANDATE [type = TIMESTAMP][SQL/XOPEN type = 93][size = 26][dec. digits = 6]
[06 abr 2015 15:20:46]   Found column: RETURNDATE [type = TIMESTAMP][SQL/XOPEN type = 93][size = 26][dec. digits = 6]
[06 abr 2015 15:20:46]   Found column: COPIESID [type = VARCHAR][SQL/XOPEN type = 12][size = 255][dec. digits = 0]
[06 abr 2015 15:20:46]   Found column: LOANDATE_2 [type = DATE][SQL/XOPEN type = 91][size = 10][dec. digits = 0]
[06 abr 2015 15:20:46]   Found column: RETURNDATE_2 [type = DATE][SQL/XOPEN type = 91][size = 10][dec. digits = 0]
[06 abr 2015 15:20:46]   Found column: USERCODE [type = VARCHAR][SQL/XOPEN type = 12][size = 255][dec. digits = 0]
[06 abr 2015 15:20:46]   Found column: RULES_OIDRULES [type = INTEGER][SQL/XOPEN type = 4][size = 10][dec. digits = 0]
[06 abr 2015 15:20:46]   Found column: DAYS [type = INTEGER][SQL/XOPEN type = 4][size = 10][dec. digits = 0]
[06 abr 2015 15:20:46]   Found column: USER_OID [type = INTEGER][SQL/XOPEN type = 4][size = 10][dec. digits = 0]
[06 abr 2015 15:20:46]   Found column: USER_OID_2 [type = INTEGER][SQL/XOPEN type = 4][size = 10][dec. digits = 0]
[06 abr 2015 15:20:46]   Found column: USER_OID_3 [type = INTEGER][SQL/XOPEN type = 4][size = 10][dec. digits = 0]
[06 abr 2015 15:20:46]   Found column: CODE [type = INTEGER][SQL/XOPEN type = 4][size = 10][dec. digits = 0]
[06 abr 2015 15:20:46]   Found column: PENALTY_OID [type = INTEGER][SQL/XOPEN type = 4][size = 10][dec. digits = 0]
[06 abr 2015 15:20:46] Retrieving primary keys for 'APP.LOAN' [type = TABLE]
[06 abr 2015 15:20:46]   Found primary key column: OID
[06 abr 2015 15:20:46] Retrieving columns for 'APP.MODULE' [type = TABLE]
[06 abr 2015 15:20:46]   Found column: OID [type = INTEGER][SQL/XOPEN type = 4][size = 10][dec. digits = 0]
[06 abr 2015 15:20:46]   Found column: MODULEID [type = VARCHAR][SQL/XOPEN type = 12][size = 255][dec. digits = 0]
[06 abr 2015 15:20:46]   Found column: MODULENAME [type = VARCHAR][SQL/XOPEN type = 12][size = 255][dec. digits = 0]
[06 abr 2015 15:20:46] Retrieving primary keys for 'APP.MODULE' [type = TABLE]
[06 abr 2015 15:20:46]   Found primary key column: OID
[06 abr 2015 15:20:46] Retrieving columns for 'APP.PENALTY' [type = TABLE]
[06 abr 2015 15:20:46]   Found column: OID [type = INTEGER][SQL/XOPEN type = 4][size = 10][dec. digits = 0]
[06 abr 2015 15:20:46]   Found column: CODEUSER [type = INTEGER][SQL/XOPEN type = 4][size = 10][dec. digits = 0]
[06 abr 2015 15:20:46]   Found column: PENALTYDATE [type = DATE][SQL/XOPEN type = 91][size = 10][dec. digits = 0]
[06 abr 2015 15:20:46]   Found column: AMOUNT [type = INTEGER][SQL/XOPEN type = 4][size = 10][dec. digits = 0]
[06 abr 2015 15:20:46] Retrieving primary keys for 'APP.PENALTY' [type = TABLE]
[06 abr 2015 15:20:46]   Found primary key column: OID
[06 abr 2015 15:20:46] Retrieving columns for 'APP.RESERVE' [type = TABLE]
[06 abr 2015 15:20:46]   Found column: OID [type = INTEGER][SQL/XOPEN type = 4][size = 10][dec. digits = 0]
[06 abr 2015 15:20:46]   Found column: RESERVEDATE [type = TIMESTAMP][SQL/XOPEN type = 93][size = 26][dec. digits = 6]
[06 abr 2015 15:20:46]   Found column: USER_OID [type = INTEGER][SQL/XOPEN type = 4][size = 10][dec. digits = 0]
[06 abr 2015 15:20:46]   Found column: BIBLIOMATERIAL_OID [type = INTEGER][SQL/XOPEN type = 4][size = 10][dec. digits = 0]
[06 abr 2015 15:20:46]   Found column: USERCODE [type = INTEGER][SQL/XOPEN type = 4][size = 10][dec. digits = 0]
[06 abr 2015 15:20:46]   Found column: BIBLIOMATERIALNAME [type = VARCHAR][SQL/XOPEN type = 12][size = 255][dec. digits = 0]
[06 abr 2015 15:20:46] Retrieving primary keys for 'APP.RESERVE' [type = TABLE]
[06 abr 2015 15:20:46]   Found primary key column: OID
[06 abr 2015 15:20:46] Retrieving columns for 'APP.RULES' [type = TABLE]
[06 abr 2015 15:20:46]   Found column: OIDRULES [type = INTEGER][SQL/XOPEN type = 4][size = 10][dec. digits = 0]
[06 abr 2015 15:20:46]   Found column: RETURNDAYS [type = INTEGER][SQL/XOPEN type = 4][size = 10][dec. digits = 0]
[06 abr 2015 15:20:46]   Found column: PENALTYDAYS [type = INTEGER][SQL/XOPEN type = 4][size = 10][dec. digits = 0]
[06 abr 2015 15:20:46]   Found column: RULESNAME [type = VARCHAR][SQL/XOPEN type = 12][size = 255][dec. digits = 0]
[06 abr 2015 15:20:46]   Found column: OID [type = INTEGER][SQL/XOPEN type = 4][size = 10][dec. digits = 0]
[06 abr 2015 15:20:46]   Found column: COLLECTIONBIBLIOMATERIAL_OID [type = INTEGER][SQL/XOPEN type = 4][size = 10][dec. digits = 0]
[06 abr 2015 15:20:46]   Found column: LOAN_OID [type = INTEGER][SQL/XOPEN type = 4][size = 10][dec. digits = 0]
[06 abr 2015 15:20:46]   Found column: GROUP_OID [type = INTEGER][SQL/XOPEN type = 4][size = 10][dec. digits = 0]
[06 abr 2015 15:20:46]   Found column: COLLECTIONBIBLIOMATERIAL_OID_2 [type = INTEGER][SQL/XOPEN type = 4][size = 10][dec. digits = 0]
[06 abr 2015 15:20:46]   Found column: LOAN_OID_2 [type = INTEGER][SQL/XOPEN type = 4][size = 10][dec. digits = 0]
[06 abr 2015 15:20:46] Retrieving primary keys for 'APP.RULES' [type = TABLE]
[06 abr 2015 15:20:46]   Found primary key column: OIDRULES
[06 abr 2015 15:20:46] Retrieving columns for 'APP.STATUSBIBLIOMATERIAL' [type = TABLE]
[06 abr 2015 15:20:46]   Found column: OID [type = INTEGER][SQL/XOPEN type = 4][size = 10][dec. digits = 0]
[06 abr 2015 15:20:46]   Found column: STATUSNAME [type = VARCHAR][SQL/XOPEN type = 12][size = 255][dec. digits = 0]
[06 abr 2015 15:20:46] Retrieving primary keys for 'APP.STATUSBIBLIOMATERIAL' [type = TABLE]
[06 abr 2015 15:20:46]   Found primary key column: OID
[06 abr 2015 15:20:46] Retrieving columns for 'APP.TYPEBIBLIOMATERIAL' [type = TABLE]
[06 abr 2015 15:20:46]   Found column: OID [type = INTEGER][SQL/XOPEN type = 4][size = 10][dec. digits = 0]
[06 abr 2015 15:20:46]   Found column: TYPENAME [type = VARCHAR][SQL/XOPEN type = 12][size = 255][dec. digits = 0]
[06 abr 2015 15:20:46] Retrieving primary keys for 'APP.TYPEBIBLIOMATERIAL' [type = TABLE]
[06 abr 2015 15:20:46]   Found primary key column: OID
[06 abr 2015 15:20:46] Retrieving columns for 'APP.USER' [type = TABLE]
[06 abr 2015 15:20:46]   Found column: OID [type = INTEGER][SQL/XOPEN type = 4][size = 10][dec. digits = 0]
[06 abr 2015 15:20:46]   Found column: USERNAME [type = VARCHAR][SQL/XOPEN type = 12][size = 255][dec. digits = 0]
[06 abr 2015 15:20:46]   Found column: PASSWORD [type = VARCHAR][SQL/XOPEN type = 12][size = 255][dec. digits = 0]
[06 abr 2015 15:20:46]   Found column: EMAIL [type = VARCHAR][SQL/XOPEN type = 12][size = 255][dec. digits = 0]
[06 abr 2015 15:20:46]   Found column: DATEOFBIRTH [type = DATE][SQL/XOPEN type = 91][size = 10][dec. digits = 0]
[06 abr 2015 15:20:46]   Found column: ADDRESSUSER [type = VARCHAR][SQL/XOPEN type = 12][size = 255][dec. digits = 0]
[06 abr 2015 15:20:46]   Found column: CELLPHONE [type = VARCHAR][SQL/XOPEN type = 12][size = 255][dec. digits = 0]
[06 abr 2015 15:20:46]   Found column: LASTNAME [type = VARCHAR][SQL/XOPEN type = 12][size = 255][dec. digits = 0]
[06 abr 2015 15:20:46]   Found column: FIRSTNAME [type = VARCHAR][SQL/XOPEN type = 12][size = 255][dec. digits = 0]
[06 abr 2015 15:20:46]   Found column: CODE [type = INTEGER][SQL/XOPEN type = 4][size = 10][dec. digits = 0]
[06 abr 2015 15:20:46]   Found column: GROUP_OID [type = INTEGER][SQL/XOPEN type = 4][size = 10][dec. digits = 0]
[06 abr 2015 15:20:46] Retrieving primary keys for 'APP.USER' [type = TABLE]
[06 abr 2015 15:20:46]   Found primary key column: OID
[06 abr 2015 15:20:46] Retrieving columns for 'APP.USER_GROUP' [type = TABLE]
[06 abr 2015 15:20:46]   Found column: USER_OID [type = INTEGER][SQL/XOPEN type = 4][size = 10][dec. digits = 0]
[06 abr 2015 15:20:46]   Found column: GROUP_OID [type = INTEGER][SQL/XOPEN type = 4][size = 10][dec. digits = 0]
[06 abr 2015 15:20:46] Retrieving primary keys for 'APP.USER_GROUP' [type = TABLE]
[06 abr 2015 15:20:46]   Found primary key column: USER_OID
[06 abr 2015 15:20:46]   Found primary key column: GROUP_OID
[06 abr 2015 15:20:46] Retrieving columns for 'APP.BIBLIOMATERIAL_COPIES_VIEW' [type = VIEW]
[06 abr 2015 15:20:46]   Found column: OID [type = INTEGER][SQL/XOPEN type = 4][size = 10][dec. digits = 0]
[06 abr 2015 15:20:46]   Found column: DER_ATTR [type = INTEGER][SQL/XOPEN type = 4][size = 10][dec. digits = 0]
[06 abr 2015 15:20:46] Retrieving primary keys for 'APP.BIBLIOMATERIAL_COPIES_VIEW' [type = VIEW]
[06 abr 2015 15:20:46] Retrieving columns for 'APP.LOAN_CODE_VIEW' [type = VIEW]
[06 abr 2015 15:20:46]   Found column: OID [type = INTEGER][SQL/XOPEN type = 4][size = 10][dec. digits = 0]
[06 abr 2015 15:20:46]   Found column: DER_ATTR [type = INTEGER][SQL/XOPEN type = 4][size = 10][dec. digits = 0]
[06 abr 2015 15:20:46] Retrieving primary keys for 'APP.LOAN_CODE_VIEW' [type = VIEW]
[06 abr 2015 15:20:46] Retrieving columns for 'APP.USER_LOADS_VIEW' [type = VIEW]
[06 abr 2015 15:20:46]   Found column: OID [type = INTEGER][SQL/XOPEN type = 4][size = 10][dec. digits = 0]
[06 abr 2015 15:20:46]   Found column: DER_ATTR [type = INTEGER][SQL/XOPEN type = 4][size = 10][dec. digits = 0]
[06 abr 2015 15:20:46] Retrieving primary keys for 'APP.USER_LOADS_VIEW' [type = VIEW]
[06 abr 2015 15:20:46] Database connection closed
